<?xml version="1.0" encoding="UTF-8"?>
<testsuite name="EventTest" tests="2" skipped="0" failures="0" errors="0" timestamp="2017-06-30T20:41:05" hostname="/0:0:0:0:0:0:0:1%lo" time="0.002">
  <properties/>
  <testcase name="setgetNumOfGuests_returnNumOfGuests_17" classname="EventTest" time="0.002"/>
  <testcase name="setgetFoodSelection_returnFoodSelection_InNOut" classname="EventTest" time="0.0"/>
  <system-out><![CDATA[]]></system-out>
  <system-err><![CDATA[]]></system-err>
</testsuite>
